<?xml version="1.0" encoding="UTF-8"?>
<testng-results skipped="0" failed="4" total="7" passed="3">
  <reporter-output>
  </reporter-output>
  <suite name="TestSuite" duration-ms="72458" started-at="2021-01-06T11:32:58Z" finished-at="2021-01-06T11:34:11Z">
    <groups>
    </groups>
    <test name="ChromeTest" duration-ms="72458" started-at="2021-01-06T11:32:58Z" finished-at="2021-01-06T11:34:11Z">
      <class name="Automation.Assignments.Login">
        <test-method status="PASS" signature="beforeM(java.lang.String)[pri:0, instance:Automation.Assignments.Login@20d3d15a]" name="beforeM" is-config="true" duration-ms="12115" started-at="2021-01-06T17:02:58Z" finished-at="2021-01-06T17:03:10Z">
          <params>
            <param index="0">
              <value>
                <![CDATA[chrome]]>
              </value>
            </param>
          </params>
          <reporter-output>
          </reporter-output>
        </test-method> <!-- beforeM -->
        <test-method status="FAIL" signature="display(java.lang.String, java.lang.String)[pri:0, instance:Automation.Assignments.Login@20d3d15a]" name="display" duration-ms="1747" started-at="2021-01-06T17:03:10Z" data-provider="getTestdata" finished-at="2021-01-06T17:03:12Z">
          <params>
            <param index="0">
              <value>
                <![CDATA[Shweta]]>
              </value>
            </param>
            <param index="1">
              <value>
                <![CDATA[chougale]]>
              </value>
            </param>
          </params>
          <exception class="java.lang.AssertionError">
            <message>
              <![CDATA[expected:<Confirmation!> but was:<Login>]]>
            </message>
            <full-stacktrace>
              <![CDATA[java.lang.AssertionError: expected:<Confirmation!> but was:<Login>
	at org.testng.AssertJUnit.assertEquals(AssertJUnit.java:101)
	at org.testng.AssertJUnit.assertEquals(AssertJUnit.java:108)
	at Automation.Assignments.Login.display(Login.java:42)
	at sun.reflect.NativeMethodAccessorImpl.invoke0(Native Method)
	at sun.reflect.NativeMethodAccessorImpl.invoke(NativeMethodAccessorImpl.java:62)
	at sun.reflect.DelegatingMethodAccessorImpl.invoke(DelegatingMethodAccessorImpl.java:43)
	at java.lang.reflect.Method.invoke(Method.java:498)
	at org.testng.internal.MethodInvocationHelper.invokeMethod(MethodInvocationHelper.java:80)
	at org.testng.internal.Invoker.invokeMethod(Invoker.java:714)
	at org.testng.internal.Invoker.invokeTestMethod(Invoker.java:901)
	at org.testng.internal.Invoker.invokeTestMethods(Invoker.java:1231)
	at org.testng.internal.TestMethodWorker.invokeTestMethods(TestMethodWorker.java:127)
	at org.testng.internal.TestMethodWorker.run(TestMethodWorker.java:111)
	at org.testng.TestRunner.privateRun(TestRunner.java:767)
	at org.testng.TestRunner.run(TestRunner.java:617)
	at org.testng.SuiteRunner.runTest(SuiteRunner.java:334)
	at org.testng.SuiteRunner.access$000(SuiteRunner.java:37)
	at org.testng.SuiteRunner$SuiteWorker.run(SuiteRunner.java:368)
	at org.testng.internal.thread.ThreadUtil$2.call(ThreadUtil.java:64)
	at java.util.concurrent.FutureTask.run(FutureTask.java:266)
	at java.util.concurrent.ThreadPoolExecutor.runWorker(ThreadPoolExecutor.java:1149)
	at java.util.concurrent.ThreadPoolExecutor$Worker.run(ThreadPoolExecutor.java:624)
	at java.lang.Thread.run(Thread.java:748)
]]>
            </full-stacktrace>
          </exception> <!-- java.lang.AssertionError -->
          <reporter-output>
          </reporter-output>
        </test-method> <!-- display -->
        <test-method status="PASS" signature="after()[pri:0, instance:Automation.Assignments.Login@20d3d15a]" name="after" is-config="true" duration-ms="441" started-at="2021-01-06T17:03:12Z" finished-at="2021-01-06T17:03:13Z">
          <reporter-output>
          </reporter-output>
        </test-method> <!-- after -->
        <test-method status="PASS" signature="beforeM(java.lang.String)[pri:0, instance:Automation.Assignments.Login@20d3d15a]" name="beforeM" is-config="true" duration-ms="5216" started-at="2021-01-06T17:03:13Z" finished-at="2021-01-06T17:03:18Z">
          <params>
            <param index="0">
              <value>
                <![CDATA[chrome]]>
              </value>
            </param>
          </params>
          <reporter-output>
          </reporter-output>
        </test-method> <!-- beforeM -->
        <test-method status="PASS" signature="display(java.lang.String, java.lang.String)[pri:0, instance:Automation.Assignments.Login@20d3d15a]" name="display" duration-ms="2673" started-at="2021-01-06T17:03:18Z" data-provider="getTestdata" finished-at="2021-01-06T17:03:20Z">
          <params>
            <param index="0">
              <value>
                <![CDATA[admin]]>
              </value>
            </param>
            <param index="1">
              <value>
                <![CDATA[admin]]>
              </value>
            </param>
          </params>
          <reporter-output>
          </reporter-output>
        </test-method> <!-- display -->
        <test-method status="PASS" signature="after()[pri:0, instance:Automation.Assignments.Login@20d3d15a]" name="after" is-config="true" duration-ms="160" started-at="2021-01-06T17:03:20Z" finished-at="2021-01-06T17:03:21Z">
          <reporter-output>
          </reporter-output>
        </test-method> <!-- after -->
      </class> <!-- Automation.Assignments.Login -->
      <class name="Automation.Assignments.Registraion">
        <test-method status="PASS" signature="beforeM(java.lang.String)[pri:0, instance:Automation.Assignments.Registraion@214b199c]" name="beforeM" is-config="true" duration-ms="5536" started-at="2021-01-06T17:03:21Z" finished-at="2021-01-06T17:03:26Z">
          <params>
            <param index="0">
              <value>
                <![CDATA[chrome]]>
              </value>
            </param>
          </params>
          <reporter-output>
          </reporter-output>
        </test-method> <!-- beforeM -->
        <test-method status="PASS" signature="display(java.lang.String, java.lang.String, java.lang.String, java.lang.String, java.lang.String)[pri:0, instance:Automation.Assignments.Registraion@214b199c]" name="display" duration-ms="3854" started-at="2021-01-06T17:03:26Z" data-provider="getTestdata" finished-at="2021-01-06T17:03:30Z">
          <params>
            <param index="0">
              <value>
                <![CDATA[Shweta]]>
              </value>
            </param>
            <param index="1">
              <value>
                <![CDATA[chougale]]>
              </value>
            </param>
            <param index="2">
              <value>
                <![CDATA[shwetachougale@gmail.com]]>
              </value>
            </param>
            <param index="3">
              <value>
                <![CDATA[shweta]]>
              </value>
            </param>
            <param index="4">
              <value>
                <![CDATA[shweta]]>
              </value>
            </param>
          </params>
          <reporter-output>
          </reporter-output>
        </test-method> <!-- display -->
        <test-method status="PASS" signature="after()[pri:0, instance:Automation.Assignments.Registraion@214b199c]" name="after" is-config="true" duration-ms="102" started-at="2021-01-06T17:03:30Z" finished-at="2021-01-06T17:03:30Z">
          <reporter-output>
          </reporter-output>
        </test-method> <!-- after -->
        <test-method status="PASS" signature="beforeM(java.lang.String)[pri:0, instance:Automation.Assignments.Registraion@214b199c]" name="beforeM" is-config="true" duration-ms="5319" started-at="2021-01-06T17:03:30Z" finished-at="2021-01-06T17:03:35Z">
          <params>
            <param index="0">
              <value>
                <![CDATA[chrome]]>
              </value>
            </param>
          </params>
          <reporter-output>
          </reporter-output>
        </test-method> <!-- beforeM -->
        <test-method status="FAIL" signature="display(java.lang.String, java.lang.String, java.lang.String, java.lang.String, java.lang.String)[pri:0, instance:Automation.Assignments.Registraion@214b199c]" name="display" duration-ms="3260" started-at="2021-01-06T17:03:35Z" data-provider="getTestdata" finished-at="2021-01-06T17:03:39Z">
          <params>
            <param index="0">
              <value>
                <![CDATA[Pallavi]]>
              </value>
            </param>
            <param index="1">
              <value>
                <![CDATA[chougale]]>
              </value>
            </param>
            <param index="2">
              <value>
                <![CDATA[]]>
              </value>
            </param>
            <param index="3">
              <value>
                <![CDATA[pallavi]]>
              </value>
            </param>
            <param index="4">
              <value>
                <![CDATA[pallavi]]>
              </value>
            </param>
          </params>
          <exception class="java.lang.AssertionError">
            <message>
              <![CDATA[expected:<Confirmation!> but was:<Register!>]]>
            </message>
            <full-stacktrace>
              <![CDATA[java.lang.AssertionError: expected:<Confirmation!> but was:<Register!>
	at org.testng.AssertJUnit.assertEquals(AssertJUnit.java:101)
	at org.testng.AssertJUnit.assertEquals(AssertJUnit.java:108)
	at Automation.Assignments.Registraion.display(Registraion.java:59)
	at sun.reflect.NativeMethodAccessorImpl.invoke0(Native Method)
	at sun.reflect.NativeMethodAccessorImpl.invoke(NativeMethodAccessorImpl.java:62)
	at sun.reflect.DelegatingMethodAccessorImpl.invoke(DelegatingMethodAccessorImpl.java:43)
	at java.lang.reflect.Method.invoke(Method.java:498)
	at org.testng.internal.MethodInvocationHelper.invokeMethod(MethodInvocationHelper.java:80)
	at org.testng.internal.Invoker.invokeMethod(Invoker.java:714)
	at org.testng.internal.Invoker.invokeTestMethod(Invoker.java:901)
	at org.testng.internal.Invoker.invokeTestMethods(Invoker.java:1231)
	at org.testng.internal.TestMethodWorker.invokeTestMethods(TestMethodWorker.java:127)
	at org.testng.internal.TestMethodWorker.run(TestMethodWorker.java:111)
	at org.testng.TestRunner.privateRun(TestRunner.java:767)
	at org.testng.TestRunner.run(TestRunner.java:617)
	at org.testng.SuiteRunner.runTest(SuiteRunner.java:334)
	at org.testng.SuiteRunner.access$000(SuiteRunner.java:37)
	at org.testng.SuiteRunner$SuiteWorker.run(SuiteRunner.java:368)
	at org.testng.internal.thread.ThreadUtil$2.call(ThreadUtil.java:64)
	at java.util.concurrent.FutureTask.run(FutureTask.java:266)
	at java.util.concurrent.ThreadPoolExecutor.runWorker(ThreadPoolExecutor.java:1149)
	at java.util.concurrent.ThreadPoolExecutor$Worker.run(ThreadPoolExecutor.java:624)
	at java.lang.Thread.run(Thread.java:748)
]]>
            </full-stacktrace>
          </exception> <!-- java.lang.AssertionError -->
          <reporter-output>
          </reporter-output>
        </test-method> <!-- display -->
        <test-method status="PASS" signature="after()[pri:0, instance:Automation.Assignments.Registraion@214b199c]" name="after" is-config="true" duration-ms="4136" started-at="2021-01-06T17:03:39Z" finished-at="2021-01-06T17:03:43Z">
          <reporter-output>
          </reporter-output>
        </test-method> <!-- after -->
        <test-method status="PASS" signature="beforeM(java.lang.String)[pri:0, instance:Automation.Assignments.Registraion@214b199c]" name="beforeM" is-config="true" duration-ms="7252" started-at="2021-01-06T17:03:43Z" finished-at="2021-01-06T17:03:50Z">
          <params>
            <param index="0">
              <value>
                <![CDATA[chrome]]>
              </value>
            </param>
          </params>
          <reporter-output>
          </reporter-output>
        </test-method> <!-- beforeM -->
        <test-method status="FAIL" signature="display(java.lang.String, java.lang.String, java.lang.String, java.lang.String, java.lang.String)[pri:0, instance:Automation.Assignments.Registraion@214b199c]" name="display" duration-ms="2931" started-at="2021-01-06T17:03:50Z" data-provider="getTestdata" finished-at="2021-01-06T17:03:53Z">
          <params>
            <param index="0">
              <value>
                <![CDATA[Asha]]>
              </value>
            </param>
            <param index="1">
              <value>
                <![CDATA[]]>
              </value>
            </param>
            <param index="2">
              <value>
                <![CDATA[AshaPasle@gmail]]>
              </value>
            </param>
            <param index="3">
              <value>
                <![CDATA[Asha]]>
              </value>
            </param>
            <param index="4">
              <value>
                <![CDATA[Asha]]>
              </value>
            </param>
          </params>
          <exception class="java.lang.AssertionError">
            <message>
              <![CDATA[expected:<Confirmation!> but was:<Register!>]]>
            </message>
            <full-stacktrace>
              <![CDATA[java.lang.AssertionError: expected:<Confirmation!> but was:<Register!>
	at org.testng.AssertJUnit.assertEquals(AssertJUnit.java:101)
	at org.testng.AssertJUnit.assertEquals(AssertJUnit.java:108)
	at Automation.Assignments.Registraion.display(Registraion.java:59)
	at sun.reflect.NativeMethodAccessorImpl.invoke0(Native Method)
	at sun.reflect.NativeMethodAccessorImpl.invoke(NativeMethodAccessorImpl.java:62)
	at sun.reflect.DelegatingMethodAccessorImpl.invoke(DelegatingMethodAccessorImpl.java:43)
	at java.lang.reflect.Method.invoke(Method.java:498)
	at org.testng.internal.MethodInvocationHelper.invokeMethod(MethodInvocationHelper.java:80)
	at org.testng.internal.Invoker.invokeMethod(Invoker.java:714)
	at org.testng.internal.Invoker.invokeTestMethod(Invoker.java:901)
	at org.testng.internal.Invoker.invokeTestMethods(Invoker.java:1231)
	at org.testng.internal.TestMethodWorker.invokeTestMethods(TestMethodWorker.java:127)
	at org.testng.internal.TestMethodWorker.run(TestMethodWorker.java:111)
	at org.testng.TestRunner.privateRun(TestRunner.java:767)
	at org.testng.TestRunner.run(TestRunner.java:617)
	at org.testng.SuiteRunner.runTest(SuiteRunner.java:334)
	at org.testng.SuiteRunner.access$000(SuiteRunner.java:37)
	at org.testng.SuiteRunner$SuiteWorker.run(SuiteRunner.java:368)
	at org.testng.internal.thread.ThreadUtil$2.call(ThreadUtil.java:64)
	at java.util.concurrent.FutureTask.run(FutureTask.java:266)
	at java.util.concurrent.ThreadPoolExecutor.runWorker(ThreadPoolExecutor.java:1149)
	at java.util.concurrent.ThreadPoolExecutor$Worker.run(ThreadPoolExecutor.java:624)
	at java.lang.Thread.run(Thread.java:748)
]]>
            </full-stacktrace>
          </exception> <!-- java.lang.AssertionError -->
          <reporter-output>
          </reporter-output>
        </test-method> <!-- display -->
        <test-method status="PASS" signature="after()[pri:0, instance:Automation.Assignments.Registraion@214b199c]" name="after" is-config="true" duration-ms="1372" started-at="2021-01-06T17:03:53Z" finished-at="2021-01-06T17:03:54Z">
          <reporter-output>
          </reporter-output>
        </test-method> <!-- after -->
        <test-method status="PASS" signature="beforeM(java.lang.String)[pri:0, instance:Automation.Assignments.Registraion@214b199c]" name="beforeM" is-config="true" duration-ms="5159" started-at="2021-01-06T17:03:54Z" finished-at="2021-01-06T17:04:00Z">
          <params>
            <param index="0">
              <value>
                <![CDATA[chrome]]>
              </value>
            </param>
          </params>
          <reporter-output>
          </reporter-output>
        </test-method> <!-- beforeM -->
        <test-method status="FAIL" signature="display(java.lang.String, java.lang.String, java.lang.String, java.lang.String, java.lang.String)[pri:0, instance:Automation.Assignments.Registraion@214b199c]" name="display" duration-ms="2121" started-at="2021-01-06T17:04:00Z" data-provider="getTestdata" finished-at="2021-01-06T17:04:02Z">
          <params>
            <param index="0">
              <value>
                <![CDATA[Snehal]]>
              </value>
            </param>
            <param index="1">
              <value>
                <![CDATA[Dhavale]]>
              </value>
            </param>
            <param index="2">
              <value>
                <![CDATA[Snehal]]>
              </value>
            </param>
            <param index="3">
              <value>
                <![CDATA[Snehal]]>
              </value>
            </param>
            <param index="4">
              <value>
                <![CDATA[]]>
              </value>
            </param>
          </params>
          <exception class="java.lang.AssertionError">
            <message>
              <![CDATA[expected:<Confirmation!> but was:<Register!>]]>
            </message>
            <full-stacktrace>
              <![CDATA[java.lang.AssertionError: expected:<Confirmation!> but was:<Register!>
	at org.testng.AssertJUnit.assertEquals(AssertJUnit.java:101)
	at org.testng.AssertJUnit.assertEquals(AssertJUnit.java:108)
	at Automation.Assignments.Registraion.display(Registraion.java:59)
	at sun.reflect.NativeMethodAccessorImpl.invoke0(Native Method)
	at sun.reflect.NativeMethodAccessorImpl.invoke(NativeMethodAccessorImpl.java:62)
	at sun.reflect.DelegatingMethodAccessorImpl.invoke(DelegatingMethodAccessorImpl.java:43)
	at java.lang.reflect.Method.invoke(Method.java:498)
	at org.testng.internal.MethodInvocationHelper.invokeMethod(MethodInvocationHelper.java:80)
	at org.testng.internal.Invoker.invokeMethod(Invoker.java:714)
	at org.testng.internal.Invoker.invokeTestMethod(Invoker.java:901)
	at org.testng.internal.Invoker.invokeTestMethods(Invoker.java:1231)
	at org.testng.internal.TestMethodWorker.invokeTestMethods(TestMethodWorker.java:127)
	at org.testng.internal.TestMethodWorker.run(TestMethodWorker.java:111)
	at org.testng.TestRunner.privateRun(TestRunner.java:767)
	at org.testng.TestRunner.run(TestRunner.java:617)
	at org.testng.SuiteRunner.runTest(SuiteRunner.java:334)
	at org.testng.SuiteRunner.access$000(SuiteRunner.java:37)
	at org.testng.SuiteRunner$SuiteWorker.run(SuiteRunner.java:368)
	at org.testng.internal.thread.ThreadUtil$2.call(ThreadUtil.java:64)
	at java.util.concurrent.FutureTask.run(FutureTask.java:266)
	at java.util.concurrent.ThreadPoolExecutor.runWorker(ThreadPoolExecutor.java:1149)
	at java.util.concurrent.ThreadPoolExecutor$Worker.run(ThreadPoolExecutor.java:624)
	at java.lang.Thread.run(Thread.java:748)
]]>
            </full-stacktrace>
          </exception> <!-- java.lang.AssertionError -->
          <reporter-output>
          </reporter-output>
        </test-method> <!-- display -->
        <test-method status="PASS" signature="after()[pri:0, instance:Automation.Assignments.Registraion@214b199c]" name="after" is-config="true" duration-ms="156" started-at="2021-01-06T17:04:02Z" finished-at="2021-01-06T17:04:02Z">
          <reporter-output>
          </reporter-output>
        </test-method> <!-- after -->
      </class> <!-- Automation.Assignments.Registraion -->
      <class name="Automation.Assignments.Test1">
        <test-method status="PASS" signature="beforeM(java.lang.String)[pri:0, instance:Automation.Assignments.Test1@2145433b]" name="beforeM" is-config="true" duration-ms="6691" started-at="2021-01-06T17:04:02Z" finished-at="2021-01-06T17:04:09Z">
          <params>
            <param index="0">
              <value>
                <![CDATA[chrome]]>
              </value>
            </param>
          </params>
          <reporter-output>
          </reporter-output>
        </test-method> <!-- beforeM -->
        <test-method status="PASS" signature="display()[pri:0, instance:Automation.Assignments.Test1@2145433b]" name="display" duration-ms="1911" started-at="2021-01-06T17:04:09Z" finished-at="2021-01-06T17:04:10Z">
          <reporter-output>
          </reporter-output>
        </test-method> <!-- display -->
        <test-method status="PASS" signature="after()[pri:0, instance:Automation.Assignments.Test1@2145433b]" name="after" is-config="true" duration-ms="161" started-at="2021-01-06T17:04:10Z" finished-at="2021-01-06T17:04:11Z">
          <reporter-output>
          </reporter-output>
        </test-method> <!-- after -->
      </class> <!-- Automation.Assignments.Test1 -->
    </test> <!-- ChromeTest -->
  </suite> <!-- TestSuite -->
</testng-results>
