<?xml version="1.0" encoding="UTF-8"?>
<!-- Generated by org.testng.reporters.JUnitXMLReporter -->
<testsuite hostname="DESKTOP-R6RCSAI" name="ChromeTest" tests="7" failures="4" timestamp="6 Jan 2021 11:34:11 GMT" time="72.458" errors="0">
  <testcase name="display" time="1.747" classname="Automation.Assignments.Login">
    <failure type="java.lang.AssertionError" message="expected:&amp;lt;Confirmation!&amp;gt; but was:&amp;lt;Login&amp;gt;">
      <![CDATA[java.lang.AssertionError: expected:<Confirmation!> but was:<Login>
	at Automation.Assignments.Login.display(Login.java:42)
	at java.util.concurrent.FutureTask.run(FutureTask.java:266)
	at java.util.concurrent.ThreadPoolExecutor.runWorker(ThreadPoolExecutor.java:1149)
	at java.util.concurrent.ThreadPoolExecutor$Worker.run(ThreadPoolExecutor.java:624)
	at java.lang.Thread.run(Thread.java:748)
... Removed 18 stack frames]]>
    </failure>
  </testcase> <!-- display -->
  <testcase name="display" time="2.673" classname="Automation.Assignments.Login"/>
  <testcase name="display" time="3.854" classname="Automation.Assignments.Registraion"/>
  <testcase name="display" time="3.26" classname="Automation.Assignments.Registraion">
    <failure type="java.lang.AssertionError" message="expected:&amp;lt;Confirmation!&amp;gt; but was:&amp;lt;Register!&amp;gt;">
      <![CDATA[java.lang.AssertionError: expected:<Confirmation!> but was:<Register!>
	at Automation.Assignments.Registraion.display(Registraion.java:59)
	at java.util.concurrent.FutureTask.run(FutureTask.java:266)
	at java.util.concurrent.ThreadPoolExecutor.runWorker(ThreadPoolExecutor.java:1149)
	at java.util.concurrent.ThreadPoolExecutor$Worker.run(ThreadPoolExecutor.java:624)
	at java.lang.Thread.run(Thread.java:748)
... Removed 18 stack frames]]>
    </failure>
  </testcase> <!-- display -->
  <testcase name="display" time="2.931" classname="Automation.Assignments.Registraion">
    <failure type="java.lang.AssertionError" message="expected:&amp;lt;Confirmation!&amp;gt; but was:&amp;lt;Register!&amp;gt;">
      <![CDATA[java.lang.AssertionError: expected:<Confirmation!> but was:<Register!>
	at Automation.Assignments.Registraion.display(Registraion.java:59)
	at java.util.concurrent.FutureTask.run(FutureTask.java:266)
	at java.util.concurrent.ThreadPoolExecutor.runWorker(ThreadPoolExecutor.java:1149)
	at java.util.concurrent.ThreadPoolExecutor$Worker.run(ThreadPoolExecutor.java:624)
	at java.lang.Thread.run(Thread.java:748)
... Removed 18 stack frames]]>
    </failure>
  </testcase> <!-- display -->
  <testcase name="display" time="2.121" classname="Automation.Assignments.Registraion">
    <failure type="java.lang.AssertionError" message="expected:&amp;lt;Confirmation!&amp;gt; but was:&amp;lt;Register!&amp;gt;">
      <![CDATA[java.lang.AssertionError: expected:<Confirmation!> but was:<Register!>
	at Automation.Assignments.Registraion.display(Registraion.java:59)
	at java.util.concurrent.FutureTask.run(FutureTask.java:266)
	at java.util.concurrent.ThreadPoolExecutor.runWorker(ThreadPoolExecutor.java:1149)
	at java.util.concurrent.ThreadPoolExecutor$Worker.run(ThreadPoolExecutor.java:624)
	at java.lang.Thread.run(Thread.java:748)
... Removed 18 stack frames]]>
    </failure>
  </testcase> <!-- display -->
  <testcase name="display" time="1.911" classname="Automation.Assignments.Test1"/>
</testsuite> <!-- ChromeTest -->
